<?xml version="1.0" encoding="UTF-8"?>
<!-- Generated by org.testng.reporters.JUnitXMLReporter -->
<testsuite hostname="DESKTOP-57JP6AC" ignored="7" name="RegressionTests" tests="6" failures="0" timestamp="2020-05-21T09:05:32 IST" time="0.141" errors="0">
  <testcase name="TravelRegister" time="0.014" classname="mavenPackage.TravelTest"/>
  <testcase name="registerMatrimony" time="0.006" classname="mavenPackage.MatrimonyTest"/>
  <testcase name="add" time="0.003" classname="mavenPackage.ArithmaticTest"/>
  <testcase name="mult" time="0.003" classname="mavenPackage.ArithmaticTest"/>
  <testcase name="div" time="0.002" classname="mavenPackage.ArithmaticTest"/>
  <testcase name="CricketRegister" time="0.004" classname="mavenPackage.CricketTest"/>
  <testcase name="enjoyMatrimony" time="0.0" classname="mavenPackage.MatrimonyTest">
    <ignored/>
  </testcase> <!-- enjoyMatrimony -->
  <testcase name="TravelLogIn" time="0.0" classname="mavenPackage.CricketTest">
    <ignored/>
  </testcase> <!-- TravelLogIn -->
  <testcase name="EnjoyTravelling" time="0.0" classname="mavenPackage.TravelTest">
    <ignored/>
  </testcase> <!-- EnjoyTravelling -->
  <testcase name="EnjoyTravelling" time="0.0" classname="mavenPackage.CricketTest">
    <ignored/>
  </testcase> <!-- EnjoyTravelling -->
  <testcase name="logInMatrimony" time="0.0" classname="mavenPackage.MatrimonyTest">
    <ignored/>
  </testcase> <!-- logInMatrimony -->
  <testcase name="TravelLogIn" time="0.0" classname="mavenPackage.TravelTest">
    <ignored/>
  </testcase> <!-- TravelLogIn -->
  <testcase name="sub" time="0.0" classname="mavenPackage.ArithmaticTest">
    <ignored/>
  </testcase> <!-- sub -->
</testsuite> <!-- RegressionTests -->
