<?xml version="1.0" encoding="UTF-8"?>
<!-- Generated by org.testng.reporters.JUnitXMLReporter -->
<testsuite hostname="DESKTOP-57JP6AC" ignored="4" name="SmokeTests" tests="2" failures="0" timestamp="2020-05-21T09:05:32 IST" time="0.025" errors="0">
  <testcase name="EnjoyTravelling" time="0.004" classname="mavenPackage.TravelTest"/>
  <testcase name="enjoyMatrimony" time="0.004" classname="mavenPackage.MatrimonyTest"/>
  <testcase name="logInMatrimony" time="0.0" classname="mavenPackage.MatrimonyTest">
    <ignored/>
  </testcase> <!-- logInMatrimony -->
  <testcase name="TravelRegister" time="0.0" classname="mavenPackage.TravelTest">
    <ignored/>
  </testcase> <!-- TravelRegister -->
  <testcase name="registerMatrimony" time="0.0" classname="mavenPackage.MatrimonyTest">
    <ignored/>
  </testcase> <!-- registerMatrimony -->
  <testcase name="TravelLogIn" time="0.0" classname="mavenPackage.TravelTest">
    <ignored/>
  </testcase> <!-- TravelLogIn -->
</testsuite> <!-- SmokeTests -->
