<?xml version="1.0" encoding="UTF-8"?>
<!-- Generated by org.testng.reporters.JUnitXMLReporter -->
<testsuite hostname="DESKTOP-57JP6AC" ignored="0" name="Default test" tests="3" failures="0" timestamp="2020-05-08T21:20:34 IST" time="0.098" errors="0">
  <testcase name="EnjoyTravelling" time="0.011" classname="mavenPackage.TravelTest"/>
  <testcase name="TravelLogIn" time="0.001" classname="mavenPackage.TravelTest"/>
  <testcase name="TravelRegister" time="0.002" classname="mavenPackage.TravelTest"/>
</testsuite> <!-- Default test -->
