<?xml version="1.0" encoding="UTF-8"?>
<!-- Generated by org.testng.reporters.JUnitXMLReporter -->
<testsuite hostname="DESKTOP-57JP6AC" ignored="0" name="Test" tests="4" failures="0" timestamp="2020-05-07T22:40:07 IST" time="0.091" errors="0">
  <testcase name="logInMatrimony" time="0.011" classname="mavenPackage.MatrimonyTest"/>
  <testcase name="registerMatrimony" time="0.001" classname="mavenPackage.MatrimonyTest"/>
  <testcase name="TravelLogIn" time="0.002" classname="mavenPackage.TravelTest"/>
  <testcase name="TravelRegister" time="0.002" classname="mavenPackage.TravelTest"/>
</testsuite> <!-- Test -->
