<?xml version="1.0" encoding="UTF-8"?>
<!-- Generated by org.testng.reporters.JUnitXMLReporter -->
<testsuite hostname="DESKTOP-57JP6AC" ignored="0" name="Regression" tests="4" failures="0" timestamp="2020-05-08T21:15:40 IST" time="0.106" errors="0">
  <testcase name="logInMatrimony" time="0.012" classname="mavenPackage.MatrimonyTest"/>
  <testcase name="registerMatrimony" time="0.006" classname="mavenPackage.MatrimonyTest"/>
  <testcase name="TravelLogIn" time="0.002" classname="mavenPackage.TravelTest"/>
  <testcase name="TravelRegister" time="0.001" classname="mavenPackage.TravelTest"/>
</testsuite> <!-- Regression -->
