<?xml version="1.0" encoding="UTF-8"?>
<!-- Generated by org.testng.reporters.JUnitXMLReporter -->
<testsuite hostname="DESKTOP-57JP6AC" ignored="3" name="SanityTests" tests="4" failures="0" timestamp="2020-05-21T09:06:36 IST" time="0.008" errors="0">
  <testcase name="add" time="0.0" classname="mavenPackage.ArithmaticTest"/>
  <testcase name="mult" time="0.0" classname="mavenPackage.ArithmaticTest"/>
  <testcase name="div" time="0.001" classname="mavenPackage.ArithmaticTest"/>
  <testcase name="CricketRegister" time="0.0" classname="mavenPackage.CricketTest"/>
  <testcase name="TravelLogIn" time="0.0" classname="mavenPackage.CricketTest">
    <ignored/>
  </testcase> <!-- TravelLogIn -->
  <testcase name="EnjoyTravelling" time="0.0" classname="mavenPackage.CricketTest">
    <ignored/>
  </testcase> <!-- EnjoyTravelling -->
  <testcase name="sub" time="0.0" classname="mavenPackage.ArithmaticTest">
    <ignored/>
  </testcase> <!-- sub -->
</testsuite> <!-- SanityTests -->
