<?xml version="1.0" encoding="UTF-8"?>
<!-- Generated by org.testng.reporters.JUnitXMLReporter -->
<testsuite hostname="DESKTOP-57JP6AC" ignored="0" name="WholeTests" tests="13" failures="0" timestamp="2020-05-08T21:37:57 IST" time="0.128" errors="0">
  <testcase name="enjoyMatrimony" time="0.014" classname="mavenPackage.MatrimonyTest"/>
  <testcase name="add" time="0.014" classname="mavenPackage.ArithmaticTest"/>
  <testcase name="CricketRegister" time="0.014" classname="mavenPackage.CricketTest"/>
  <testcase name="EnjoyTravelling" time="0.014" classname="mavenPackage.TravelTest"/>
  <testcase name="EnjoyTravelling" time="0.004" classname="mavenPackage.CricketTest"/>
  <testcase name="logInMatrimony" time="0.004" classname="mavenPackage.MatrimonyTest"/>
  <testcase name="TravelLogIn" time="0.009" classname="mavenPackage.TravelTest"/>
  <testcase name="div" time="0.012" classname="mavenPackage.ArithmaticTest"/>
  <testcase name="TravelRegister" time="0.005" classname="mavenPackage.TravelTest"/>
  <testcase name="registerMatrimony" time="0.006" classname="mavenPackage.MatrimonyTest"/>
  <testcase name="TravelLogIn" time="0.006" classname="mavenPackage.CricketTest"/>
  <testcase name="mult" time="0.005" classname="mavenPackage.ArithmaticTest"/>
  <testcase name="sub" time="0.002" classname="mavenPackage.ArithmaticTest"/>
</testsuite> <!-- WholeTests -->
