<?xml version="1.0" encoding="UTF-8"?>
<testsuite xmlns:xsi="http://www.w3.org/2001/XMLSchema-instance" xsi:noNamespaceSchemaLocation="https://maven.apache.org/surefire/maven-surefire-plugin/xsd/surefire-test-report-3.0.xsd" version="3.0" name="TestSuite" time="1.511" tests="12" errors="0" skipped="0" failures="0">
  <properties>
[...]
</properties>
  <testcase name="TravelRegister" classname="mavenPackage.TravelTest" time="0.009"/>
  <testcase name="EnjoyTravelling" classname="mavenPackage.TravelTest" time="0.001"/>
  <testcase name="registerMatrimony" classname="mavenPackage.MatrimonyTest" time="0.001"/>
  <testcase name="enjoyMatrimony" classname="mavenPackage.MatrimonyTest" time="0.002"/>
  <testcase name="add" classname="mavenPackage.ArithmaticTest" time="0.008"/>
  <testcase name="add" classname="mavenPackage.ArithmaticTest" time="0.002"/>
  <testcase name="mult" classname="mavenPackage.ArithmaticTest" time="0.001"/>
  <testcase name="mult" classname="mavenPackage.ArithmaticTest" time="0.003"/>
  <testcase name="div" classname="mavenPackage.ArithmaticTest" time="0.003"/>
  <testcase name="div" classname="mavenPackage.ArithmaticTest" time="0.001"/>
  <testcase name="CricketRegister" classname="mavenPackage.CricketTest" time="0.004"/>
  <testcase name="CricketRegister" classname="mavenPackage.CricketTest" time="0.004"/>
</testsuite>