<?xml version="1.0" encoding="UTF-8"?>
<!-- Generated by org.testng.reporters.JUnitXMLReporter -->
<testsuite hostname="DESKTOP-57JP6AC" ignored="0" name="Tests" tests="11" failures="0" timestamp="2020-05-07T21:39:00 IST" time="0.138" errors="0">
  <testcase name="Mult" time="0.007" classname="mavenPackage.TestScript1_ArithmaticOperations"/>
  <testcase name="add" time="0.002" classname="mavenPackage.TestScript1_ArithmaticOperations"/>
  <testcase name="sub" time="0.002" classname="mavenPackage.TestScript1_ArithmaticOperations"/>
  <testcase name="Matrimony_Display" time="0.002" classname="mavenPackage.TestScript2_Matrimony"/>
  <testcase name="Matrimony_LogIn" time="0.001" classname="mavenPackage.TestScript2_Matrimony"/>
  <testcase name="Matrimony_Register" time="0.003" classname="mavenPackage.TestScript2_Matrimony"/>
  <testcase name="Travel_Display" time="0.002" classname="mavenPackage.TestScript3_Travel"/>
  <testcase name="Travel_LogIn" time="0.001" classname="mavenPackage.TestScript3_Travel"/>
  <testcase name="Travel_Register" time="0.004" classname="mavenPackage.TestScript3_Travel"/>
  <testcase name="HappyMessage" time="0.001" classname="mavenPackage.TestScript4_Emotions"/>
  <testcase name="SadMessage" time="0.0" classname="mavenPackage.TestScript4_Emotions"/>
</testsuite> <!-- Tests -->
